Streaming transaction logs mentioning 2Y3MKDhMLHu8kFXJpuGHax4hKpD6pck6SEaTQLxCLtUA. Confirmed commitment
Transaction executed in slot 5:
  Signature: 4mVeLmRUzKtfVMKWQV93uVoXHvQQNBjynHmwsYEY7U7XhkDJduNpkXAs2ubju7eJ6UAVXTGxMcMc8LsZCaCDwUZg
  Status: Ok
  Log Messages:
    Program 2Y3MKDhMLHu8kFXJpuGHax4hKpD6pck6SEaTQLxCLtUA invoke [1]
    Program log: Instruction: Initialize
    Program 11111111111111111111111111111111 invoke [2]
    Program 11111111111111111111111111111111 success
    Program 2Y3MKDhMLHu8kFXJpuGHax4hKpD6pck6SEaTQLxCLtUA consumed 15707 of 200000 compute units
    Program 2Y3MKDhMLHu8kFXJpuGHax4hKpD6pck6SEaTQLxCLtUA success
Transaction executed in slot 6:
  Signature: 3VYzukcJmPGGs2NY7Y5tr2zYmvRwQx7RP95kMDmGjj6647aHe3mLDrZAHo1j2RcCBDcWf1VJuou15oyptzuGetq3
  Status: Ok
  Log Messages:
    Program 2Y3MKDhMLHu8kFXJpuGHax4hKpD6pck6SEaTQLxCLtUA invoke [1]
    Program log: Instruction: Initialize
    Program 11111111111111111111111111111111 invoke [2]
    Program 11111111111111111111111111111111 success
    Program 2Y3MKDhMLHu8kFXJpuGHax4hKpD6pck6SEaTQLxCLtUA consumed 9661 of 200000 compute units
    Program 2Y3MKDhMLHu8kFXJpuGHax4hKpD6pck6SEaTQLxCLtUA success
Transaction executed in slot 8:
  Signature: 5efbN2D8HA3dKgwgEBnix9Q7SQ7a3LNDYA2urJjx4YCGAYnwA3ownmLPw2o38gGBWqfrU9cQSkCLkxncTPwRh111
  Status: Ok
  Log Messages:
    Program 2Y3MKDhMLHu8kFXJpuGHax4hKpD6pck6SEaTQLxCLtUA invoke [1]
    Program log: Instruction: LikeTweet
    Program 11111111111111111111111111111111 invoke [2]
    Program 11111111111111111111111111111111 success
    Program 2Y3MKDhMLHu8kFXJpuGHax4hKpD6pck6SEaTQLxCLtUA consumed 11581 of 200000 compute units
    Program 2Y3MKDhMLHu8kFXJpuGHax4hKpD6pck6SEaTQLxCLtUA success
Transaction executed in slot 9:
  Signature: Mue6LGpMic1UfkuRdmYHzuHbSn73Rs9aFkkeiL8dJNVipjeV4TByjhCPyWkAyh7HJYqQ2kEh1MTcj3URaPWdNam
  Status: Ok
  Log Messages:
    Program 2Y3MKDhMLHu8kFXJpuGHax4hKpD6pck6SEaTQLxCLtUA invoke [1]
    Program log: Instruction: DislikeTweet
    Program 11111111111111111111111111111111 invoke [2]
    Program 11111111111111111111111111111111 success
    Program 2Y3MKDhMLHu8kFXJpuGHax4hKpD6pck6SEaTQLxCLtUA consumed 11580 of 200000 compute units
    Program 2Y3MKDhMLHu8kFXJpuGHax4hKpD6pck6SEaTQLxCLtUA success
Transaction executed in slot 10:
  Signature: 5YpKbBqbmixjJRwPgsPnt5gQ7mG3seRiKtUQnSKTeMA2kYXGUpwine6Ayp42LTKzhsKrtEEZk85TDtHYN4khtCNU
  Status: Ok
  Log Messages:
    Program 2Y3MKDhMLHu8kFXJpuGHax4hKpD6pck6SEaTQLxCLtUA invoke [1]
    Program log: Instruction: ReactionRemove
    Program 2Y3MKDhMLHu8kFXJpuGHax4hKpD6pck6SEaTQLxCLtUA consumed 7228 of 200000 compute units
    Program 2Y3MKDhMLHu8kFXJpuGHax4hKpD6pck6SEaTQLxCLtUA success
Transaction executed in slot 11:
  Signature: AkEWcxjg7ShUyNJmrcn61s3JQMiRg56MMnhgbe7os7Czt8Ko9xGdugvrykkpsXhWxto8Xu6jgx97SS2FNzXVZQn
  Status: Ok
  Log Messages:
    Program 2Y3MKDhMLHu8kFXJpuGHax4hKpD6pck6SEaTQLxCLtUA invoke [1]
    Program log: Instruction: LikeTweet
    Program 11111111111111111111111111111111 invoke [2]
    Program 11111111111111111111111111111111 success
    Program 2Y3MKDhMLHu8kFXJpuGHax4hKpD6pck6SEaTQLxCLtUA consumed 11581 of 200000 compute units
    Program 2Y3MKDhMLHu8kFXJpuGHax4hKpD6pck6SEaTQLxCLtUA success
Transaction executed in slot 12:
  Signature: 4n79344QwFW3xiWgtNwsEYuF9NedYxVAP1jqm3uV5YGgVBPJRQk4qg7thtVe8stKPQCJguQEJWStcBv7uXem3M3P
  Status: Ok
  Log Messages:
    Program 2Y3MKDhMLHu8kFXJpuGHax4hKpD6pck6SEaTQLxCLtUA invoke [1]
    Program log: Instruction: CommentTweet
    Program 11111111111111111111111111111111 invoke [2]
    Program 11111111111111111111111111111111 success
    Program 2Y3MKDhMLHu8kFXJpuGHax4hKpD6pck6SEaTQLxCLtUA consumed 15707 of 200000 compute units
    Program 2Y3MKDhMLHu8kFXJpuGHax4hKpD6pck6SEaTQLxCLtUA success
Transaction executed in slot 13:
  Signature: UE8QV7sTCLJEwGS9QjsP4kAMvwwAVKV6SH9JbW6VYGhrojEbsLDWskpEQQhJBErhexfi3DAWTqQez8ryG5PEW2L
  Status: Ok
  Log Messages:
    Program 2Y3MKDhMLHu8kFXJpuGHax4hKpD6pck6SEaTQLxCLtUA invoke [1]
    Program log: Instruction: CommentRemove
    Program 2Y3MKDhMLHu8kFXJpuGHax4hKpD6pck6SEaTQLxCLtUA consumed 3894 of 200000 compute units
    Program 2Y3MKDhMLHu8kFXJpuGHax4hKpD6pck6SEaTQLxCLtUA success
